\BOOKMARK [0][-]{chapter.1}{\376\377\0001\000\040\004\020\004\073\004\104\004\060\004\062\004\070\004\102\004\075\004\113\004\071\000\040\004\103\004\072\004\060\004\067\004\060\004\102\004\065\004\073\004\114\000\040\004\077\004\100\004\076\004\101\004\102\004\100\004\060\004\075\004\101\004\102\004\062\000\040\004\070\004\074\004\065\004\075}{}% 1
\BOOKMARK [1][-]{section.1.1}{\376\377\0001\000.\0001\000\040\004\037\004\100\004\076\004\101\004\102\004\100\004\060\004\075\004\101\004\102\004\062\004\060\000\040\004\070\004\074\004\065\004\075}{chapter.1}% 2
\BOOKMARK [0][-]{chapter.2}{\376\377\0002\000\040\004\030\004\065\004\100\004\060\004\100\004\105\004\070\004\107\004\065\004\101\004\072\004\070\004\071\000\040\004\101\004\077\004\070\004\101\004\076\004\072\000\040\004\072\004\073\004\060\004\101\004\101\004\076\004\062}{}% 3
\BOOKMARK [1][-]{section.2.1}{\376\377\0002\000.\0001\000\040\004\030\004\065\004\100\004\060\004\100\004\105\004\070\004\117\000\040\004\072\004\073\004\060\004\101\004\101\004\076\004\062}{chapter.2}% 4
\BOOKMARK [0][-]{chapter.3}{\376\377\0003\000\040\004\020\004\073\004\104\004\060\004\062\004\070\004\102\004\075\004\113\004\071\000\040\004\103\004\072\004\060\004\067\004\060\004\102\004\065\004\073\004\114\000\040\004\072\004\073\004\060\004\101\004\101\004\076\004\062}{}% 5
\BOOKMARK [1][-]{section.3.1}{\376\377\0003\000.\0001\000\040\004\032\004\073\004\060\004\101\004\101\004\113}{chapter.3}% 6
\BOOKMARK [0][-]{chapter.4}{\376\377\0004\000\040\004\041\004\077\004\070\004\101\004\076\004\072\000\040\004\104\004\060\004\071\004\073\004\076\004\062}{}% 7
\BOOKMARK [1][-]{section.4.1}{\376\377\0004\000.\0001\000\040\004\044\004\060\004\071\004\073\004\113}{chapter.4}% 8
\BOOKMARK [0][-]{chapter.5}{\376\377\0005\000\040\004\037\004\100\004\076\004\101\004\102\004\100\004\060\004\075\004\101\004\102\004\062\004\060\000\040\004\070\004\074\004\065\004\075}{}% 9
\BOOKMARK [1][-]{section.5.1}{\376\377\0005\000.\0001\000\040\004\037\004\100\004\076\004\101\004\102\004\100\004\060\004\075\004\101\004\102\004\062\004\076\000\040\004\070\004\074\004\065\004\075\000\040\000B\000i\000n\000a\000r\000y\000P\000l\000o\000t}{chapter.5}% 10
\BOOKMARK [2][-]{subsection.5.1.1}{\376\377\0005\000.\0001\000.\0001\000\040\004\044\004\103\004\075\004\072\004\106\004\070\004\070}{section.5.1}% 11
\BOOKMARK [3][-]{subsubsection.5.1.1.1}{\376\377\0005\000.\0001\000.\0001\000.\0001\000\040\000d\000r\000o\000w\000\137\0003\000d\000\137\000p\000l\000o\000t\000\050\000\051}{subsection.5.1.1}% 12
\BOOKMARK [3][-]{subsubsection.5.1.1.2}{\376\377\0005\000.\0001\000.\0001\000.\0002\000\040\000p\000l\000o\000t\000\137\000l\000o\000c\000a\000l\000\137\000o\000u\000l\000i\000t\000e\000r\000\137\000f\000a\000c\000t\000o\000r\000\050\000\051}{subsection.5.1.1}% 13
\BOOKMARK [1][-]{section.5.2}{\376\377\0005\000.\0002\000\040\004\037\004\100\004\076\004\101\004\102\004\100\004\060\004\075\004\101\004\102\004\062\004\076\000\040\004\070\004\074\004\065\004\075\000\040\000B\000o\000t\000F\000i\000n\000d\000e\000r\000C\000o\000n\000f\000i\000g\000s}{chapter.5}% 14
\BOOKMARK [2][-]{subsection.5.2.1}{\376\377\0005\000.\0002\000.\0001\000\040\004\037\004\065\004\100\004\065\004\074\004\065\004\075\004\075\004\113\004\065}{section.5.2}% 15
\BOOKMARK [3][-]{subsubsection.5.2.1.1}{\376\377\0005\000.\0002\000.\0001\000.\0001\000\040\000d\000a\000t\000a\000b\000a\000s\000e}{subsection.5.2.1}% 16
\BOOKMARK [3][-]{subsubsection.5.2.1.2}{\376\377\0005\000.\0002\000.\0001\000.\0002\000\040\000h\000o\000s\000t}{subsection.5.2.1}% 17
\BOOKMARK [3][-]{subsubsection.5.2.1.3}{\376\377\0005\000.\0002\000.\0001\000.\0003\000\040\000p\000a\000s\000s\000w\000o\000r\000d}{subsection.5.2.1}% 18
\BOOKMARK [1][-]{section.5.3}{\376\377\0005\000.\0003\000\040\004\037\004\100\004\076\004\101\004\102\004\100\004\060\004\075\004\101\004\102\004\062\004\076\000\040\004\070\004\074\004\065\004\075\000\040\000m\000a\000i\000n}{chapter.5}% 19
\BOOKMARK [2][-]{subsection.5.3.1}{\376\377\0005\000.\0003\000.\0001\000\040\004\037\004\065\004\100\004\065\004\074\004\065\004\075\004\075\004\113\004\065}{section.5.3}% 20
\BOOKMARK [3][-]{subsubsection.5.3.1.1}{\376\377\0005\000.\0003\000.\0001\000.\0001\000\040\000b\000f}{subsection.5.3.1}% 21
\BOOKMARK [3][-]{subsubsection.5.3.1.2}{\376\377\0005\000.\0003\000.\0001\000.\0002\000\040\000s\000t\000a\000r\000t\000\137\000s\000t\000a\000t\000u\000s}{subsection.5.3.1}% 22
\BOOKMARK [1][-]{section.5.4}{\376\377\0005\000.\0004\000\040\004\037\004\100\004\076\004\101\004\102\004\100\004\060\004\075\004\101\004\102\004\062\004\076\000\040\004\070\004\074\004\065\004\075\000\040\000S\000a\000m\000p\000l\000e\000s}{chapter.5}% 23
\BOOKMARK [1][-]{section.5.5}{\376\377\0005\000.\0005\000\040\004\037\004\100\004\076\004\101\004\102\004\100\004\060\004\075\004\101\004\102\004\062\004\076\000\040\004\070\004\074\004\065\004\075\000\040\000U\000s\000e\000r\000D\000a\000t\000a\000B\000a\000s\000e}{chapter.5}% 24
\BOOKMARK [1][-]{section.5.6}{\376\377\0005\000.\0006\000\040\004\037\004\100\004\076\004\101\004\102\004\100\004\060\004\075\004\101\004\102\004\062\004\076\000\040\004\070\004\074\004\065\004\075\000\040\000V\000P\000T\000r\000e\000e}{chapter.5}% 25
\BOOKMARK [0][-]{chapter.6}{\376\377\0006\000\040\004\032\004\073\004\060\004\101\004\101\004\113}{}% 26
\BOOKMARK [1][-]{section.6.1}{\376\377\0006\000.\0001\000\040\004\032\004\073\004\060\004\101\004\101\000\040\000m\000a\000i\000n\000.\000B\000o\000t\000F\000i\000n\000d\000e\000r}{chapter.6}% 27
\BOOKMARK [2][-]{subsection.6.1.1}{\376\377\0006\000.\0001\000.\0001\000\040\004\037\004\076\004\064\004\100\004\076\004\061\004\075\004\076\004\065\000\040\004\076\004\077\004\070\004\101\004\060\004\075\004\070\004\065}{section.6.1}% 28
\BOOKMARK [2][-]{subsection.6.1.2}{\376\377\0006\000.\0001\000.\0002\000\040\004\032\004\076\004\075\004\101\004\102\004\100\004\103\004\072\004\102\004\076\004\100\000\050\004\113\000\051}{section.6.1}% 29
\BOOKMARK [3][-]{subsubsection.6.1.2.1}{\376\377\0006\000.\0001\000.\0002\000.\0001\000\040\000\137\000\137\000i\000n\000i\000t\000\137\000\137\000\050\000\051}{subsection.6.1.2}% 30
\BOOKMARK [2][-]{subsection.6.1.3}{\376\377\0006\000.\0001\000.\0003\000\040\004\034\004\065\004\102\004\076\004\064\004\113}{section.6.1}% 31
\BOOKMARK [3][-]{subsubsection.6.1.3.1}{\376\377\0006\000.\0001\000.\0003\000.\0001\000\040\000i\000s\000\137\000f\000i\000r\000s\000t\000\137\000s\000t\000a\000r\000t\000\050\000\051}{subsection.6.1.3}% 32
\BOOKMARK [3][-]{subsubsection.6.1.3.2}{\376\377\0006\000.\0001\000.\0003\000.\0002\000\040\000l\000o\000a\000d\000\137\000d\000a\000t\000a\000\050\000\051}{subsection.6.1.3}% 33
\BOOKMARK [3][-]{subsubsection.6.1.3.3}{\376\377\0006\000.\0001\000.\0003\000.\0003\000\040\000l\000o\000a\000d\000\137\000l\000i\000s\000t\000\137\000o\000f\000\137\000p\000l\000a\000y\000e\000r\000\050\000\051}{subsection.6.1.3}% 34
\BOOKMARK [3][-]{subsubsection.6.1.3.4}{\376\377\0006\000.\0001\000.\0003\000.\0004\000\040\000l\000o\000a\000d\000\137\000s\000a\000m\000p\000l\000e\000s\000\137\000f\000r\000o\000m\000\137\000c\000o\000n\000f\000i\000g\000\137\000f\000i\000l\000e\000\050\000\051}{subsection.6.1.3}% 35
\BOOKMARK [3][-]{subsubsection.6.1.3.5}{\376\377\0006\000.\0001\000.\0003\000.\0005\000\040\000m\000a\000k\000e\000\137\000r\000e\000p\000o\000r\000t\000\050\000\051}{subsection.6.1.3}% 36
\BOOKMARK [3][-]{subsubsection.6.1.3.6}{\376\377\0006\000.\0001\000.\0003\000.\0006\000\040\000p\000r\000e\000p\000a\000r\000e\000\137\000w\000o\000r\000k\000\137\000p\000l\000a\000c\000e\000\050\000\051}{subsection.6.1.3}% 37
\BOOKMARK [3][-]{subsubsection.6.1.3.7}{\376\377\0006\000.\0001\000.\0003\000.\0007\000\040\000t\000r\000y\000\137\000l\000o\000a\000d\000\137\000d\000a\000t\000a\000\137\000b\000a\000s\000e\000\050\000\051}{subsection.6.1.3}% 38
\BOOKMARK [2][-]{subsection.6.1.4}{\376\377\0006\000.\0001\000.\0004\000\040\004\024\004\060\004\075\004\075\004\113\004\065\000\040\004\072\004\073\004\060\004\101\004\101\004\060}{section.6.1}% 39
\BOOKMARK [3][-]{subsubsection.6.1.4.1}{\376\377\0006\000.\0001\000.\0004\000.\0001\000\040\000d\000a\000t\000a\000\137\000b\000a\000s\000e}{subsection.6.1.4}% 40
\BOOKMARK [3][-]{subsubsection.6.1.4.2}{\376\377\0006\000.\0001\000.\0004\000.\0002\000\040\000m\000a\000i\000n\000\137\000c\000o\000n\000f\000i\000g}{subsection.6.1.4}% 41
\BOOKMARK [3][-]{subsubsection.6.1.4.3}{\376\377\0006\000.\0001\000.\0004\000.\0003\000\040\000s\000a\000m\000p\000l\000e\000s\000\137\000c\000o\000n\000f\000i\000g}{subsection.6.1.4}% 42
\BOOKMARK [3][-]{subsubsection.6.1.4.4}{\376\377\0006\000.\0001\000.\0004\000.\0004\000\040\000s\000h\000e\000m\000a}{subsection.6.1.4}% 43
\BOOKMARK [1][-]{section.6.2}{\376\377\0006\000.\0002\000\040\004\032\004\073\004\060\004\101\004\101\000\040\000B\000o\000t\000F\000i\000n\000d\000e\000r\000C\000o\000n\000f\000i\000g\000s\000.\000D\000a\000t\000a\000B\000a\000s\000e\000C\000o\000n\000f\000i\000g}{chapter.6}% 44
\BOOKMARK [2][-]{subsection.6.2.1}{\376\377\0006\000.\0002\000.\0001\000\040\004\037\004\076\004\064\004\100\004\076\004\061\004\075\004\076\004\065\000\040\004\076\004\077\004\070\004\101\004\060\004\075\004\070\004\065}{section.6.2}% 45
\BOOKMARK [2][-]{subsection.6.2.2}{\376\377\0006\000.\0002\000.\0002\000\040\004\032\004\076\004\075\004\101\004\102\004\100\004\103\004\072\004\102\004\076\004\100\000\050\004\113\000\051}{section.6.2}% 46
\BOOKMARK [3][-]{subsubsection.6.2.2.1}{\376\377\0006\000.\0002\000.\0002\000.\0001\000\040\000\137\000\137\000i\000n\000i\000t\000\137\000\137\000\050\000\051}{subsection.6.2.2}% 47
\BOOKMARK [2][-]{subsection.6.2.3}{\376\377\0006\000.\0002\000.\0003\000\040\004\034\004\065\004\102\004\076\004\064\004\113}{section.6.2}% 48
\BOOKMARK [3][-]{subsubsection.6.2.3.1}{\376\377\0006\000.\0002\000.\0003\000.\0001\000\040\000d\000e\000f\000a\000u\000l\000t\000\137\000p\000a\000t\000h\000\050\000\051}{subsection.6.2.3}% 49
\BOOKMARK [3][-]{subsubsection.6.2.3.2}{\376\377\0006\000.\0002\000.\0003\000.\0002\000\040\000l\000o\000a\000d\000\137\000o\000r\000\137\000c\000r\000e\000a\000t\000e\000\050\000\051}{subsection.6.2.3}% 50
\BOOKMARK [2][-]{subsection.6.2.4}{\376\377\0006\000.\0002\000.\0004\000\040\004\024\004\060\004\075\004\075\004\113\004\065\000\040\004\072\004\073\004\060\004\101\004\101\004\060}{section.6.2}% 51
\BOOKMARK [3][-]{subsubsection.6.2.4.1}{\376\377\0006\000.\0002\000.\0004\000.\0001\000\040\000d\000a\000t\000a\000b\000a\000s\000e}{subsection.6.2.4}% 52
\BOOKMARK [3][-]{subsubsection.6.2.4.2}{\376\377\0006\000.\0002\000.\0004\000.\0002\000\040\000h\000o\000s\000t}{subsection.6.2.4}% 53
\BOOKMARK [3][-]{subsubsection.6.2.4.3}{\376\377\0006\000.\0002\000.\0004\000.\0003\000\040\000p\000a\000s\000s\000w\000o\000r\000d}{subsection.6.2.4}% 54
\BOOKMARK [3][-]{subsubsection.6.2.4.4}{\376\377\0006\000.\0002\000.\0004\000.\0004\000\040\000u\000s\000e\000r}{subsection.6.2.4}% 55
\BOOKMARK [1][-]{section.6.3}{\376\377\0006\000.\0003\000\040\004\032\004\073\004\060\004\101\004\101\000\040\000m\000a\000i\000n\000.\000H\000T\000M\000L\000r\000e\000p\000o\000r\000t}{chapter.6}% 56
\BOOKMARK [2][-]{subsection.6.3.1}{\376\377\0006\000.\0003\000.\0001\000\040\004\037\004\076\004\064\004\100\004\076\004\061\004\075\004\076\004\065\000\040\004\076\004\077\004\070\004\101\004\060\004\075\004\070\004\065}{section.6.3}% 57
\BOOKMARK [2][-]{subsection.6.3.2}{\376\377\0006\000.\0003\000.\0002\000\040\004\032\004\076\004\075\004\101\004\102\004\100\004\103\004\072\004\102\004\076\004\100\000\050\004\113\000\051}{section.6.3}% 58
\BOOKMARK [3][-]{subsubsection.6.3.2.1}{\376\377\0006\000.\0003\000.\0002\000.\0001\000\040\000\137\000\137\000i\000n\000i\000t\000\137\000\137\000\050\000\051}{subsection.6.3.2}% 59
\BOOKMARK [2][-]{subsection.6.3.3}{\376\377\0006\000.\0003\000.\0003\000\040\004\034\004\065\004\102\004\076\004\064\004\113}{section.6.3}% 60
\BOOKMARK [3][-]{subsubsection.6.3.3.1}{\376\377\0006\000.\0003\000.\0003\000.\0001\000\040\000m\000a\000k\000e\000\137\000r\000e\000p\000o\000r\000t\000\050\000\051}{subsection.6.3.3}% 61
\BOOKMARK [3][-]{subsubsection.6.3.3.2}{\376\377\0006\000.\0003\000.\0003\000.\0002\000\040\000p\000a\000c\000a\000g\000e\000\137\000b\000l\000o\000c\000\050\000\051}{subsection.6.3.3}% 62
\BOOKMARK [3][-]{subsubsection.6.3.3.3}{\376\377\0006\000.\0003\000.\0003\000.\0003\000\040\000p\000a\000c\000k\000a\000g\000e\000\137\000i\000m\000g\000\137\000b\000l\000o\000c\000\050\000\051}{subsection.6.3.3}% 63
\BOOKMARK [3][-]{subsubsection.6.3.3.4}{\376\377\0006\000.\0003\000.\0003\000.\0004\000\040\000p\000a\000c\000k\000a\000g\000e\000\137\000i\000m\000g\000\137\000b\000l\000o\000c\000\137\000t\000u\000p\000l\000e\000\050\000\051}{subsection.6.3.3}% 64
\BOOKMARK [3][-]{subsubsection.6.3.3.5}{\376\377\0006\000.\0003\000.\0003\000.\0005\000\040\000p\000a\000c\000k\000a\000g\000e\000\137\000t\000a\000b\000l\000e\000\050\000\051}{subsection.6.3.3}% 65
\BOOKMARK [3][-]{subsubsection.6.3.3.6}{\376\377\0006\000.\0003\000.\0003\000.\0006\000\040\000p\000a\000c\000k\000a\000g\000e\000\137\000t\000i\000t\000l\000e\000\050\000\051}{subsection.6.3.3}% 66
\BOOKMARK [3][-]{subsubsection.6.3.3.7}{\376\377\0006\000.\0003\000.\0003\000.\0007\000\040\000p\000r\000e\000p\000a\000r\000e\000\137\000a\000l\000l\000\137\000i\000m\000a\000g\000e\000\050\000\051}{subsection.6.3.3}% 67
\BOOKMARK [3][-]{subsubsection.6.3.3.8}{\376\377\0006\000.\0003\000.\0003\000.\0008\000\040\000p\000r\000e\000p\000a\000r\000e\000\137\000d\000i\000r\000\050\000\051}{subsection.6.3.3}% 68
\BOOKMARK [2][-]{subsection.6.3.4}{\376\377\0006\000.\0003\000.\0004\000\040\004\024\004\060\004\075\004\075\004\113\004\065\000\040\004\072\004\073\004\060\004\101\004\101\004\060}{section.6.3}% 69
\BOOKMARK [3][-]{subsubsection.6.3.4.1}{\376\377\0006\000.\0003\000.\0004\000.\0001\000\040\000p\000a\000t\000h\000\137\000d\000i\000r}{subsection.6.3.4}% 70
\BOOKMARK [1][-]{section.6.4}{\376\377\0006\000.\0004\000\040\004\032\004\073\004\060\004\101\004\101\000\040\000B\000o\000t\000F\000i\000n\000d\000e\000r\000C\000o\000n\000f\000i\000g\000s\000.\000M\000a\000i\000n\000C\000o\000n\000f\000i\000g}{chapter.6}% 71
\BOOKMARK [2][-]{subsection.6.4.1}{\376\377\0006\000.\0004\000.\0001\000\040\004\037\004\076\004\064\004\100\004\076\004\061\004\075\004\076\004\065\000\040\004\076\004\077\004\070\004\101\004\060\004\075\004\070\004\065}{section.6.4}% 72
\BOOKMARK [2][-]{subsection.6.4.2}{\376\377\0006\000.\0004\000.\0002\000\040\004\032\004\076\004\075\004\101\004\102\004\100\004\103\004\072\004\102\004\076\004\100\000\050\004\113\000\051}{section.6.4}% 73
\BOOKMARK [3][-]{subsubsection.6.4.2.1}{\376\377\0006\000.\0004\000.\0002\000.\0001\000\040\000\137\000\137\000i\000n\000i\000t\000\137\000\137\000\050\000\051}{subsection.6.4.2}% 74
\BOOKMARK [2][-]{subsection.6.4.3}{\376\377\0006\000.\0004\000.\0003\000\040\004\034\004\065\004\102\004\076\004\064\004\113}{section.6.4}% 75
\BOOKMARK [3][-]{subsubsection.6.4.3.1}{\376\377\0006\000.\0004\000.\0003\000.\0001\000\040\000d\000e\000f\000a\000u\000l\000t\000\137\000p\000a\000t\000h\000\050\000\051}{subsection.6.4.3}% 76
\BOOKMARK [2][-]{subsection.6.4.4}{\376\377\0006\000.\0004\000.\0004\000\040\004\024\004\060\004\075\004\075\004\113\004\065\000\040\004\072\004\073\004\060\004\101\004\101\004\060}{section.6.4}% 77
\BOOKMARK [3][-]{subsubsection.6.4.4.1}{\376\377\0006\000.\0004\000.\0004\000.\0001\000\040\000c\000o\000u\000n\000t\000\137\000n\000e\000i\000g\000h\000b\000o\000r\000s}{subsection.6.4.4}% 78
\BOOKMARK [3][-]{subsubsection.6.4.4.2}{\376\377\0006\000.\0004\000.\0004\000.\0002\000\040\000e\000j\000e\000c\000t\000\137\000l\000i\000p}{subsection.6.4.4}% 79
\BOOKMARK [3][-]{subsubsection.6.4.4.3}{\376\377\0006\000.\0004\000.\0004\000.\0003\000\040\000i\000g\000n\000o\000r\000e\000\137\000e\000r\000r\000o\000r\000\137\000w\000i\000t\000h\000\137\000s\000e\000s\000s\000i\000o\000n\000\137\000e\000l\000e\000m\000e\000n\000t\000\137\000m\000i\000s\000s\000i\000n\000g}{subsection.6.4.4}% 80
\BOOKMARK [3][-]{subsubsection.6.4.4.4}{\376\377\0006\000.\0004\000.\0004\000.\0004\000\040\000p\000a\000r\000s\000e\000\137\000s\000a\000m\000p\000l\000e\000s\000\137\000f\000r\000o\000m\000\137\000d\000a\000t\000a\000\137\000b\000a\000s\000e}{subsection.6.4.4}% 81
\BOOKMARK [3][-]{subsubsection.6.4.4.5}{\376\377\0006\000.\0004\000.\0004\000.\0005\000\040\000r\000e\000f\000r\000e\000s\000h\000\137\000p\000l\000a\000y\000e\000r\000\137\000o\000n\000\137\000l\000o\000a\000d}{subsection.6.4.4}% 82
\BOOKMARK [3][-]{subsubsection.6.4.4.6}{\376\377\0006\000.\0004\000.\0004\000.\0006\000\040\000r\000e\000f\000r\000e\000s\000h\000\137\000s\000a\000m\000p\000l\000e\000s\000\137\000o\000n\000\137\000l\000o\000a\000d}{subsection.6.4.4}% 83
\BOOKMARK [3][-]{subsubsection.6.4.4.7}{\376\377\0006\000.\0004\000.\0004\000.\0007\000\040\000r\000e\000f\000r\000e\000s\000h\000\137\000s\000i\000n\000g\000l\000e\000\137\000s\000a\000m\000p\000l\000e\000s\000\137\000e\000l\000e\000m\000e\000n\000t\000\137\000i\000f\000\137\000m\000i\000s\000s\000i\000n\000g}{subsection.6.4.4}% 84
\BOOKMARK [3][-]{subsubsection.6.4.4.8}{\376\377\0006\000.\0004\000.\0004\000.\0008\000\040\000r\000e\000p\000o\000r\000t\000\137\000f\000o\000l\000d\000e\000r\000\137\000n\000a\000m\000e}{subsection.6.4.4}% 85
\BOOKMARK [3][-]{subsubsection.6.4.4.9}{\376\377\0006\000.\0004\000.\0004\000.\0009\000\040\000s\000a\000m\000p\000l\000e\000s\000\137\000f\000o\000l\000d\000e\000r\000\137\000n\000a\000m\000e}{subsection.6.4.4}% 86
\BOOKMARK [3][-]{subsubsection.6.4.4.10}{\376\377\0006\000.\0004\000.\0004\000.\0001\0000\000\040\000s\000a\000m\000p\000l\000e\000s\000\137\000p\000l\000a\000y\000e\000r\000\137\000n\000a\000m\000e\000\137\000f\000i\000l\000e}{subsection.6.4.4}% 87
\BOOKMARK [3][-]{subsubsection.6.4.4.11}{\376\377\0006\000.\0004\000.\0004\000.\0001\0001\000\040\000s\000a\000v\000e\000\137\000d\000a\000t\000a\000\137\000b\000a\000s\000e\000\137\000d\000a\000t\000a}{subsection.6.4.4}% 88
\BOOKMARK [3][-]{subsubsection.6.4.4.12}{\376\377\0006\000.\0004\000.\0004\000.\0001\0002\000\040\000s\000a\000v\000e\000\137\000d\000a\000t\000a\000\137\000b\000a\000s\000e\000\137\000p\000a\000s\000s\000w\000o\000r}{subsection.6.4.4}% 89
\BOOKMARK [3][-]{subsubsection.6.4.4.13}{\376\377\0006\000.\0004\000.\0004\000.\0001\0003\000\040\000s\000a\000v\000e\000\137\000s\000e\000s\000s\000i\000o\000n\000\137\000d\000a\000t\000a}{subsection.6.4.4}% 90
\BOOKMARK [1][-]{section.6.5}{\376\377\0006\000.\0005\000\040\004\032\004\073\004\060\004\101\004\101\000\040\000B\000o\000t\000F\000i\000n\000d\000e\000r\000C\000o\000n\000f\000i\000g\000s\000.\000P\000r\000o\000g\000r\000a\000m\000C\000o\000n\000f\000i\000g}{chapter.6}% 91
\BOOKMARK [2][-]{subsection.6.5.1}{\376\377\0006\000.\0005\000.\0001\000\040\004\037\004\076\004\064\004\100\004\076\004\061\004\075\004\076\004\065\000\040\004\076\004\077\004\070\004\101\004\060\004\075\004\070\004\065}{section.6.5}% 92
\BOOKMARK [2][-]{subsection.6.5.2}{\376\377\0006\000.\0005\000.\0002\000\040\004\034\004\065\004\102\004\076\004\064\004\113}{section.6.5}% 93
\BOOKMARK [3][-]{subsubsection.6.5.2.1}{\376\377\0006\000.\0005\000.\0002\000.\0001\000\040\000c\000o\000n\000f\000i\000g\000\137\000f\000i\000l\000e\000\137\000i\000s\000\137\000a\000v\000a\000i\000l\000a\000b\000l\000e\000\050\000\051}{subsection.6.5.2}% 94
\BOOKMARK [3][-]{subsubsection.6.5.2.2}{\376\377\0006\000.\0005\000.\0002\000.\0002\000\040\000d\000e\000f\000a\000u\000l\000t\000\137\000p\000a\000t\000h\000\050\000\051}{subsection.6.5.2}% 95
\BOOKMARK [3][-]{subsubsection.6.5.2.3}{\376\377\0006\000.\0005\000.\0002\000.\0003\000\040\000l\000o\000a\000d\000\137\000o\000r\000\137\000c\000r\000e\000a\000t\000e\000\050\000\051}{subsection.6.5.2}% 96
\BOOKMARK [1][-]{section.6.6}{\376\377\0006\000.\0006\000\040\004\032\004\073\004\060\004\101\004\101\000\040\000S\000a\000m\000p\000l\000e\000s\000.\000S\000a\000m\000p\000l\000e}{chapter.6}% 97
\BOOKMARK [2][-]{subsection.6.6.1}{\376\377\0006\000.\0006\000.\0001\000\040\004\037\004\076\004\064\004\100\004\076\004\061\004\075\004\076\004\065\000\040\004\076\004\077\004\070\004\101\004\060\004\075\004\070\004\065}{section.6.6}% 98
\BOOKMARK [2][-]{subsection.6.6.2}{\376\377\0006\000.\0006\000.\0002\000\040\004\032\004\076\004\075\004\101\004\102\004\100\004\103\004\072\004\102\004\076\004\100\000\050\004\113\000\051}{section.6.6}% 99
\BOOKMARK [3][-]{subsubsection.6.6.2.1}{\376\377\0006\000.\0006\000.\0002\000.\0001\000\040\000\137\000\137\000i\000n\000i\000t\000\137\000\137\000\050\000\051}{subsection.6.6.2}% 100
\BOOKMARK [2][-]{subsection.6.6.3}{\376\377\0006\000.\0006\000.\0003\000\040\004\034\004\065\004\102\004\076\004\064\004\113}{section.6.6}% 101
\BOOKMARK [3][-]{subsubsection.6.6.3.1}{\376\377\0006\000.\0006\000.\0003\000.\0001\000\040\000a\000p\000p\000e\000n\000d\000\137\000p\000l\000a\000y\000e\000r\000\137\000f\000r\000o\000m\000\137\000d\000a\000t\000a\000\137\000b\000a\000s\000e\000\050\000\051}{subsection.6.6.3}% 102
\BOOKMARK [3][-]{subsubsection.6.6.3.2}{\376\377\0006\000.\0006\000.\0003\000.\0002\000\040\000e\000x\000p\000o\000r\000t\000\137\000t\000o\000\137\000f\000i\000l\000e\000\050\000\051}{subsection.6.6.3}% 103
\BOOKMARK [3][-]{subsubsection.6.6.3.3}{\376\377\0006\000.\0006\000.\0003\000.\0003\000\040\000i\000m\000p\000o\000r\000t\000\137\000f\000r\000o\000m\000\137\000f\000i\000l\000e\000\050\000\051}{subsection.6.6.3}% 104
\BOOKMARK [3][-]{subsubsection.6.6.3.4}{\376\377\0006\000.\0006\000.\0003\000.\0004\000\040\000i\000n\000t\000e\000r\000q\000u\000a\000r\000t\000i\000l\000e\000\137\000r\000a\000n\000g\000e\000\050\000\051}{subsection.6.6.3}% 105
\BOOKMARK [3][-]{subsubsection.6.6.3.5}{\376\377\0006\000.\0006\000.\0003\000.\0005\000\040\000l\000i\000n\000e\000a\000r\000\137\000e\000j\000e\000c\000t\000i\000o\000n\000\050\000\051}{subsection.6.6.3}% 106
\BOOKMARK [3][-]{subsubsection.6.6.3.6}{\376\377\0006\000.\0006\000.\0003\000.\0006\000\040\000m\000e\000d\000i\000a\000n\000\050\000\051}{subsection.6.6.3}% 107
\BOOKMARK [3][-]{subsubsection.6.6.3.7}{\376\377\0006\000.\0006\000.\0003\000.\0007\000\040\000q\000u\000a\000r\000t\000i\000l\000e\000\050\000\051}{subsection.6.6.3}% 108
\BOOKMARK [3][-]{subsubsection.6.6.3.8}{\376\377\0006\000.\0006\000.\0003\000.\0008\000\040\000r\000e\000m\000i\000s\000s\000i\000b\000l\000e\000\137\000s\000e\000g\000m\000e\000n\000t\000\050\000\051}{subsection.6.6.3}% 109
\BOOKMARK [3][-]{subsubsection.6.6.3.9}{\376\377\0006\000.\0006\000.\0003\000.\0009\000\040\000t\000r\000y\000\137\000r\000e\000c\000o\000v\000e\000r\000\137\000f\000r\000o\000m\000\137\000d\000a\000t\000a\000\137\000b\000a\000s\000e\000\050\000\051}{subsection.6.6.3}% 110
\BOOKMARK [3][-]{subsubsection.6.6.3.10}{\376\377\0006\000.\0006\000.\0003\000.\0001\0000\000\040\000v\000e\000r\000i\000f\000i\000e\000d\000\137\000s\000e\000g\000m\000e\000n\000t\000\050\000\051}{subsection.6.6.3}% 111
\BOOKMARK [2][-]{subsection.6.6.4}{\376\377\0006\000.\0006\000.\0004\000\040\004\024\004\060\004\075\004\075\004\113\004\065\000\040\004\072\004\073\004\060\004\101\004\101\004\060}{section.6.6}% 112
\BOOKMARK [3][-]{subsubsection.6.6.4.1}{\376\377\0006\000.\0006\000.\0004\000.\0001\000\040\000d\000a\000t\000a\000\137\000b\000a\000s\000e\000\137\000r\000e\000q\000u\000e\000s\000t}{subsection.6.6.4}% 113
\BOOKMARK [3][-]{subsubsection.6.6.4.2}{\376\377\0006\000.\0006\000.\0004\000.\0002\000\040\000m\000a\000x}{subsection.6.6.4}% 114
\BOOKMARK [3][-]{subsubsection.6.6.4.3}{\376\377\0006\000.\0006\000.\0004\000.\0003\000\040\000m\000i\000n}{subsection.6.6.4}% 115
\BOOKMARK [3][-]{subsubsection.6.6.4.4}{\376\377\0006\000.\0006\000.\0004\000.\0004\000\040\000n\000a\000m\000e}{subsection.6.6.4}% 116
\BOOKMARK [1][-]{section.6.7}{\376\377\0006\000.\0007\000\040\004\032\004\073\004\060\004\101\004\101\000\040\000B\000o\000t\000F\000i\000n\000d\000e\000r\000C\000o\000n\000f\000i\000g\000s\000.\000S\000a\000m\000p\000l\000e\000s\000C\000o\000n\000f\000i\000g}{chapter.6}% 117
\BOOKMARK [2][-]{subsection.6.7.1}{\376\377\0006\000.\0007\000.\0001\000\040\004\037\004\076\004\064\004\100\004\076\004\061\004\075\004\076\004\065\000\040\004\076\004\077\004\070\004\101\004\060\004\075\004\070\004\065}{section.6.7}% 118
\BOOKMARK [2][-]{subsection.6.7.2}{\376\377\0006\000.\0007\000.\0002\000\040\004\032\004\076\004\075\004\101\004\102\004\100\004\103\004\072\004\102\004\076\004\100\000\050\004\113\000\051}{section.6.7}% 119
\BOOKMARK [3][-]{subsubsection.6.7.2.1}{\376\377\0006\000.\0007\000.\0002\000.\0001\000\040\000\137\000\137\000i\000n\000i\000t\000\137\000\137\000\050\000\051}{subsection.6.7.2}% 120
\BOOKMARK [2][-]{subsection.6.7.3}{\376\377\0006\000.\0007\000.\0003\000\040\004\034\004\065\004\102\004\076\004\064\004\113}{section.6.7}% 121
\BOOKMARK [3][-]{subsubsection.6.7.3.1}{\376\377\0006\000.\0007\000.\0003\000.\0001\000\040\000d\000e\000f\000a\000u\000l\000t\000\137\000p\000a\000t\000h\000\050\000\051}{subsection.6.7.3}% 122
\BOOKMARK [3][-]{subsubsection.6.7.3.2}{\376\377\0006\000.\0007\000.\0003\000.\0002\000\040\000d\000e\000f\000a\000u\000l\000t\000\137\000s\000a\000m\000p\000l\000e\000\050\000\051}{subsection.6.7.3}% 123
\BOOKMARK [2][-]{subsection.6.7.4}{\376\377\0006\000.\0007\000.\0004\000\040\004\024\004\060\004\075\004\075\004\113\004\065\000\040\004\072\004\073\004\060\004\101\004\101\004\060}{section.6.7}% 124
\BOOKMARK [3][-]{subsubsection.6.7.4.1}{\376\377\0006\000.\0007\000.\0004\000.\0001\000\040\000s\000a\000m\000p\000l\000e\000\137\000m\000o\000d\000e\000l}{subsection.6.7.4}% 125
\BOOKMARK [3][-]{subsubsection.6.7.4.2}{\376\377\0006\000.\0007\000.\0004\000.\0002\000\040\000s\000a\000m\000p\000l\000e\000s\000\137\000c\000o\000n\000f\000i\000g\000s}{subsection.6.7.4}% 126
\BOOKMARK [3][-]{subsubsection.6.7.4.3}{\376\377\0006\000.\0007\000.\0004\000.\0003\000\040\000u\000s\000e\000r\000\137\000q\000u\000e\000r\000y\000\137\000f\000r\000o\000m\000\137\000d\000a\000t\000a\000\137\000b\000a\000s\000e}{subsection.6.7.4}% 127
\BOOKMARK [1][-]{section.6.8}{\376\377\0006\000.\0008\000\040\004\032\004\073\004\060\004\101\004\101\000\040\000S\000a\000m\000p\000l\000e\000s\000.\000S\000h\000e\000m\000a\000P\000l\000a\000y\000e\000r\000S\000a\000m\000p\000l\000e\000s}{chapter.6}% 128
\BOOKMARK [2][-]{subsection.6.8.1}{\376\377\0006\000.\0008\000.\0001\000\040\004\037\004\076\004\064\004\100\004\076\004\061\004\075\004\076\004\065\000\040\004\076\004\077\004\070\004\101\004\060\004\075\004\070\004\065}{section.6.8}% 129
\BOOKMARK [2][-]{subsection.6.8.2}{\376\377\0006\000.\0008\000.\0002\000\040\004\032\004\076\004\075\004\101\004\102\004\100\004\103\004\072\004\102\004\076\004\100\000\050\004\113\000\051}{section.6.8}% 130
\BOOKMARK [3][-]{subsubsection.6.8.2.1}{\376\377\0006\000.\0008\000.\0002\000.\0001\000\040\000\137\000\137\000i\000n\000i\000t\000\137\000\137\000\050\000\051}{subsection.6.8.2}% 131
\BOOKMARK [2][-]{subsection.6.8.3}{\376\377\0006\000.\0008\000.\0003\000\040\004\034\004\065\004\102\004\076\004\064\004\113}{section.6.8}% 132
\BOOKMARK [3][-]{subsubsection.6.8.3.1}{\376\377\0006\000.\0008\000.\0003\000.\0001\000\040\000\137\000\137\000g\000e\000t\000i\000t\000e\000m\000\137\000\137\000\050\000\051}{subsection.6.8.3}% 133
\BOOKMARK [3][-]{subsubsection.6.8.3.2}{\376\377\0006\000.\0008\000.\0003\000.\0002\000\040\000a\000p\000p\000e\000n\000d\000\137\000s\000a\000m\000p\000l\000e\000\050\000\051}{subsection.6.8.3}% 134
\BOOKMARK [3][-]{subsubsection.6.8.3.3}{\376\377\0006\000.\0008\000.\0003\000.\0003\000\040\000c\000l\000e\000a\000r\000\137\000f\000r\000o\000m\000\137\000i\000n\000c\000o\000m\000p\000l\000e\000t\000e\000\050\000\051}{subsection.6.8.3}% 135
\BOOKMARK [3][-]{subsubsection.6.8.3.4}{\376\377\0006\000.\0008\000.\0003\000.\0004\000\040\000d\000i\000s\000t\000a\000n\000c\000e\000\050\000\051}{subsection.6.8.3}% 136
\BOOKMARK [3][-]{subsubsection.6.8.3.5}{\376\377\0006\000.\0008\000.\0003\000.\0005\000\040\000l\000o\000c\000a\000l\000\137\000o\000u\000l\000i\000t\000e\000r\000\137\000f\000a\000c\000t\000o\000r\000\050\000\051}{subsection.6.8.3}% 137
\BOOKMARK [3][-]{subsubsection.6.8.3.6}{\376\377\0006\000.\0008\000.\0003\000.\0006\000\040\000l\000o\000c\000a\000l\000\137\000r\000e\000a\000c\000h\000a\000b\000i\000l\000i\000t\000y\000\137\000d\000e\000n\000s\000i\000t\000y\000\050\000\051}{subsection.6.8.3}% 138
\BOOKMARK [3][-]{subsubsection.6.8.3.7}{\376\377\0006\000.\0008\000.\0003\000.\0007\000\040\000n\000e\000a\000r\000e\000s\000t\000\137\000d\000i\000s\000t\000a\000n\000c\000e\000\050\000\051}{subsection.6.8.3}% 139
\BOOKMARK [3][-]{subsubsection.6.8.3.8}{\376\377\0006\000.\0008\000.\0003\000.\0008\000\040\000o\000u\000t\000l\000i\000e\000r\000s\000\137\000p\000o\000i\000n\000t\000\050\000\051}{subsection.6.8.3}% 140
\BOOKMARK [3][-]{subsubsection.6.8.3.9}{\376\377\0006\000.\0008\000.\0003\000.\0009\000\040\000p\000o\000i\000n\000t\000\137\000o\000n\000\137\000n\000e\000a\000r\000e\000s\000t\000\137\000d\000i\000s\000t\000a\000n\000c\000e\000\050\000\051}{subsection.6.8.3}% 141
\BOOKMARK [3][-]{subsubsection.6.8.3.10}{\376\377\0006\000.\0008\000.\0003\000.\0001\0000\000\040\000r\000e\000a\000c\000h\000a\000b\000i\000l\000i\000t\000y\000\137\000d\000i\000s\000t\000a\000n\000c\000e\000\050\000\051}{subsection.6.8.3}% 142
\BOOKMARK [2][-]{subsection.6.8.4}{\376\377\0006\000.\0008\000.\0004\000\040\004\024\004\060\004\075\004\075\004\113\004\065\000\040\004\072\004\073\004\060\004\101\004\101\004\060}{section.6.8}% 143
\BOOKMARK [3][-]{subsubsection.6.8.4.1}{\376\377\0006\000.\0008\000.\0004\000.\0001\000\040\000l\000i\000p}{subsection.6.8.4}% 144
\BOOKMARK [3][-]{subsubsection.6.8.4.2}{\376\377\0006\000.\0008\000.\0004\000.\0002\000\040\000n\000e\000i\000g\000h\000b\000o\000u\000r\000\137\000c\000o\000u\000n\000t}{subsection.6.8.4}% 145
\BOOKMARK [3][-]{subsubsection.6.8.4.3}{\376\377\0006\000.\0008\000.\0004\000.\0003\000\040\000p\000o\000i\000n\000t\000s}{subsection.6.8.4}% 146
\BOOKMARK [3][-]{subsubsection.6.8.4.4}{\376\377\0006\000.\0008\000.\0004\000.\0004\000\040\000s\000a\000m\000p\000l\000e\000s}{subsection.6.8.4}% 147
\BOOKMARK [3][-]{subsubsection.6.8.4.5}{\376\377\0006\000.\0008\000.\0004\000.\0005\000\040\000v\000p\000\137\000t\000r\000e\000e}{subsection.6.8.4}% 148
\BOOKMARK [3][-]{subsubsection.6.8.4.6}{\376\377\0006\000.\0008\000.\0004\000.\0006\000\040\000V\000P\000t\000r\000e\000e}{subsection.6.8.4}% 149
\BOOKMARK [1][-]{section.6.9}{\376\377\0006\000.\0009\000\040\004\032\004\073\004\060\004\101\004\101\000\040\000V\000P\000T\000r\000e\000e\000.\000V\000P\000T\000r\000e\000e}{chapter.6}% 150
\BOOKMARK [2][-]{subsection.6.9.1}{\376\377\0006\000.\0009\000.\0001\000\040\004\037\004\076\004\064\004\100\004\076\004\061\004\075\004\076\004\065\000\040\004\076\004\077\004\070\004\101\004\060\004\075\004\070\004\065}{section.6.9}% 151
\BOOKMARK [2][-]{subsection.6.9.2}{\376\377\0006\000.\0009\000.\0002\000\040\004\032\004\076\004\075\004\101\004\102\004\100\004\103\004\072\004\102\004\076\004\100\000\050\004\113\000\051}{section.6.9}% 152
\BOOKMARK [3][-]{subsubsection.6.9.2.1}{\376\377\0006\000.\0009\000.\0002\000.\0001\000\040\000\137\000\137\000i\000n\000i\000t\000\137\000\137\000\050\000\051}{subsection.6.9.2}% 153
\BOOKMARK [2][-]{subsection.6.9.3}{\376\377\0006\000.\0009\000.\0003\000\040\004\034\004\065\004\102\004\076\004\064\004\113}{section.6.9}% 154
\BOOKMARK [3][-]{subsubsection.6.9.3.1}{\376\377\0006\000.\0009\000.\0003\000.\0001\000\040\000g\000e\000t\000\137\000n\000\137\000n\000e\000a\000r\000e\000s\000t\000\137\000n\000e\000i\000g\000h\000b\000o\000r\000s\000\050\000\051}{subsection.6.9.3}% 155
\BOOKMARK [2][-]{subsection.6.9.4}{\376\377\0006\000.\0009\000.\0004\000\040\004\024\004\060\004\075\004\075\004\113\004\065\000\040\004\072\004\073\004\060\004\101\004\101\004\060}{section.6.9}% 156
\BOOKMARK [3][-]{subsubsection.6.9.4.1}{\376\377\0006\000.\0009\000.\0004\000.\0001\000\040\000d\000i\000s\000t\000a\000n\000c\000e}{subsection.6.9.4}% 157
\BOOKMARK [3][-]{subsubsection.6.9.4.2}{\376\377\0006\000.\0009\000.\0004\000.\0002\000\040\000l\000e\000f\000t}{subsection.6.9.4}% 158
\BOOKMARK [3][-]{subsubsection.6.9.4.3}{\376\377\0006\000.\0009\000.\0004\000.\0003\000\040\000l\000e\000f\000t\000\137\000m\000a\000x}{subsection.6.9.4}% 159
\BOOKMARK [3][-]{subsubsection.6.9.4.4}{\376\377\0006\000.\0009\000.\0004\000.\0004\000\040\000l\000e\000f\000t\000\137\000m\000i\000n}{subsection.6.9.4}% 160
\BOOKMARK [3][-]{subsubsection.6.9.4.5}{\376\377\0006\000.\0009\000.\0004\000.\0005\000\040\000r\000i\000g\000h\000t}{subsection.6.9.4}% 161
\BOOKMARK [3][-]{subsubsection.6.9.4.6}{\376\377\0006\000.\0009\000.\0004\000.\0006\000\040\000r\000i\000g\000h\000t\000\137\000m\000a\000x}{subsection.6.9.4}% 162
\BOOKMARK [3][-]{subsubsection.6.9.4.7}{\376\377\0006\000.\0009\000.\0004\000.\0007\000\040\000r\000i\000g\000h\000t\000\137\000m\000i\000n}{subsection.6.9.4}% 163
\BOOKMARK [3][-]{subsubsection.6.9.4.8}{\376\377\0006\000.\0009\000.\0004\000.\0008\000\040\000v\000a\000n\000t\000a\000g\000e\000\137\000p\000o\000i\000n\000t}{subsection.6.9.4}% 164
\BOOKMARK [0][-]{chapter.7}{\376\377\0007\000\040\004\044\004\060\004\071\004\073\004\113}{}% 165
\BOOKMARK [1][-]{section.7.1}{\376\377\0007\000.\0001\000\040\004\044\004\060\004\071\004\073\000\040\000B\000i\000n\000a\000r\000y\000P\000l\000o\000t\000.\000p\000y}{chapter.7}% 166
\BOOKMARK [1][-]{section.7.2}{\376\377\0007\000.\0002\000\040\004\044\004\060\004\071\004\073\000\040\000B\000o\000t\000F\000i\000n\000d\000e\000r\000C\000o\000n\000f\000i\000g\000s\000.\000p\000y}{chapter.7}% 167
\BOOKMARK [1][-]{section.7.3}{\376\377\0007\000.\0003\000\040\004\044\004\060\004\071\004\073\000\040\000m\000a\000i\000n\000.\000p\000y}{chapter.7}% 168
\BOOKMARK [1][-]{section.7.4}{\376\377\0007\000.\0004\000\040\004\044\004\060\004\071\004\073\000\040\000S\000a\000m\000p\000l\000e\000s\000.\000p\000y}{chapter.7}% 169
\BOOKMARK [1][-]{section.7.5}{\376\377\0007\000.\0005\000\040\004\044\004\060\004\071\004\073\000\040\000U\000s\000e\000r\000D\000a\000t\000a\000B\000a\000s\000e\000.\000p\000y}{chapter.7}% 170
\BOOKMARK [1][-]{section.7.6}{\376\377\0007\000.\0006\000\040\004\044\004\060\004\071\004\073\000\040\000V\000P\000T\000r\000e\000e\000.\000p\000y}{chapter.7}% 171
\BOOKMARK [0][-]{section*.45}{\376\377\004\037\004\100\004\065\004\064\004\074\004\065\004\102\004\075\004\113\004\071\000\040\004\103\004\072\004\060\004\067\004\060\004\102\004\065\004\073\004\114}{}% 172
